Arguments: 
  /usr/local/Cellar/nvm/0.37.0/versions/node/v18.17.1/bin/node /usr/local/opt/nvm/versions/node/v18.17.1/bin/yarn install

PATH: 
  /usr/local/anaconda3/condabin:/usr/local/anaconda3/bin:/Users/lih/.rbenv/shims:/Users/lih/.rbenv/bin:/Users/lih/.jenv/shims:/Users/lih/.jenv/bin:/usr/local/opt/nvm/versions/node/v18.17.1/bin:/usr/local/bin:/usr/bin:/bin:/usr/sbin:/sbin:/Library/Apple/usr/bin:/Users/lih/.cargo/bin:/Users/lih/Library/Android/sdk/tools:/Users/lih/Library/Android/sdk/platform-tools:./node_modules/.bin:/Users/lih/Desktop/tools/apache-maven-3.6.3/bin:/Users/lih/Desktop/tools/gradle-6.9/bin:/Users/lih/Documents/my-emacs/my-lisp/plugins/jdt-language-server-1.9/bin

Yarn version: 
  1.22.19

Node version: 
  18.17.1

Platform: 
  darwin x64

Trace: 
  Error: read ECONNRESET
      at TLSWrap.onStreamRead (node:internal/stream_base_commons:217:20)

npm manifest: 
  {
    "name": "cdm-screen",
    "version": "0.1.0",
    "private": true,
    "scripts": {
      "serve": "vue-cli-service serve",
      "build": "vue-cli-service build",
      "lint": "vue-cli-service lint"
    },
    "dependencies": {
      "@ant-design/icons-vue": "^7.0.1",
      "@element-plus/icons-vue": "^2.1.0",
      "@kjgl77/datav-vue3": "^1.4.2",
      "ant-design-vue": "^3.2.16",
      "axios": "^0.24.0",
      "core-js": "^3.8.3",
      "echarts": "^5.4.2",
      "echarts-gl": "^2.0.9",
      "element-plus": "^2.3.3",
      "element-ui": "^2.15.13",
      "highcharts": "^10.3.3",
      "lodash-es": "^4.17.21",
      "moment": "^2.29.4",
      "qs": "^6.11.1",
      "resize-observer-polyfill": "^1.5.1",
      "sm-crypto": "^0.3.12",
      "vant": "^4.0.11",
      "vconsole": "^3.15.0",
      "video.js": "^8.0.4",
      "videojs-contrib-hls": "^5.15.0",
      "vite-plugin-vconsole": "^1.3.1",
      "vue": "^3.2.25",
      "vue-router": "^4.0.12",
      "vue-vconsole-devtools": "^1.0.5",
      "vuex": "^4.0.2"
    },
    "devDependencies": {
      "@babel/core": "^7.12.16",
      "@babel/eslint-parser": "^7.12.16",
      "@babel/plugin-proposal-optional-chaining": "^7.21.0",
      "@vue/cli-plugin-babel": "~5.0.0",
      "@vue/cli-plugin-eslint": "~5.0.0",
      "@vue/cli-service": "~5.0.0",
      "autoprefixer": "^10.4.1",
      "eslint": "^7.32.0",
      "eslint-plugin-vue": "^8.0.3",
      "postcss-px-to-viewport": "^1.1.1",
      "sass": "^1.45.1",
      "sass-loader": "^13.2.1",
      "unplugin-vue-components": "^0.24.0",
      "vconsole-webpack-plugin": "^1.7.3"
    },
    "eslintConfig": {
      "root": true,
      "env": {
        "node": true,
        "vue/setup-compiler-macros": true
      },
      "extends": [
        "plugin:vue/vue3-essential",
        "eslint:recommended"
      ],
      "parserOptions": {
        "parser": "@babel/eslint-parser"
      },
      "rules": {
        "no-unused-vars": "off",
        "no-undef": "off",
        "vue/multi-word-component-names": "off",
        "vue/valid-v-for": "off",
        "no-empty": "off",
        "vue/no-parsing-error": "off",
        "no-redeclare": "off",
        "no-self-assign": "off"
      }
    },
    "browserslist": [
      "> 1%",
      "last 2 versions",
      "not dead",
      "not ie 11"
    ]
  }

yarn manifest: 
  No manifest

Lockfile: 
  No lockfile
